\BOOKMARK [1][-]{section.1}{Physics Toolset}{}% 1
\BOOKMARK [2][-]{subsection.1.1}{Idea}{section.1}% 2
\BOOKMARK [2][-]{subsection.1.2}{Components}{section.1}% 3
\BOOKMARK [3][-]{subsubsection.1.2.1}{Hosted Website with UI/UX}{subsection.1.2}% 4
\BOOKMARK [3][-]{subsubsection.1.2.2}{Sandbox Window}{subsection.1.2}% 5
\BOOKMARK [3][-]{subsubsection.1.2.3}{Model}{subsection.1.2}% 6
\BOOKMARK [3][-]{subsubsection.1.2.4}{Physics API}{subsection.1.2}% 7
\BOOKMARK [3][-]{subsubsection.1.2.5}{Module Design}{subsection.1.2}% 8
\BOOKMARK [2][-]{subsection.1.3}{Team Responsibilities}{section.1}% 9
\BOOKMARK [3][-]{subsubsection.1.3.1}{Sam}{subsection.1.3}% 10
\BOOKMARK [3][-]{subsubsection.1.3.2}{Danny}{subsection.1.3}% 11
\BOOKMARK [3][-]{subsubsection.1.3.3}{Matthew}{subsection.1.3}% 12
\BOOKMARK [3][-]{subsubsection.1.3.4}{Dalton}{subsection.1.3}% 13
\BOOKMARK [1][-]{section.2}{Virtual Map}{}% 14
\BOOKMARK [2][-]{subsection.2.1}{Idea}{section.2}% 15
\BOOKMARK [2][-]{subsection.2.2}{Components}{section.2}% 16
\BOOKMARK [3][-]{subsubsection.2.2.1}{Website}{subsection.2.2}% 17
\BOOKMARK [3][-]{subsubsection.2.2.2}{Database}{subsection.2.2}% 18
\BOOKMARK [3][-]{subsubsection.2.2.3}{Mobile Application Logic}{subsection.2.2}% 19
\BOOKMARK [3][-]{subsubsection.2.2.4}{Mobile Application UI/UX}{subsection.2.2}% 20
\BOOKMARK [2][-]{subsection.2.3}{Team Responsibilities}{section.2}% 21
\BOOKMARK [3][-]{subsubsection.2.3.1}{Sam}{subsection.2.3}% 22
\BOOKMARK [3][-]{subsubsection.2.3.2}{Danny}{subsection.2.3}% 23
\BOOKMARK [3][-]{subsubsection.2.3.3}{Matthew}{subsection.2.3}% 24
\BOOKMARK [3][-]{subsubsection.2.3.4}{Dalton}{subsection.2.3}% 25
\BOOKMARK [1][-]{section.3}{Potential Project with Ardusat}{}% 26
\BOOKMARK [2][-]{subsection.3.1}{Idea}{section.3}% 27
